  CIS -167-01 - RSA Encryption Algorithim.cpp
c:\users\mbrown2\documents\github\rsa-encryption-algorithm\cis -167-01 - rsa encryption algorithim\cis -167-01 - rsa encryption algorithim\cis -167-01 - rsa encryption algorithim.cpp(4): warning C4067: unexpected tokens following preprocessor directive - expected a newline
c:\users\mbrown2\documents\github\rsa-encryption-algorithm\cis -167-01 - rsa encryption algorithim\cis -167-01 - rsa encryption algorithim\cis -167-01 - rsa encryption algorithim.cpp(5): warning C4067: unexpected tokens following preprocessor directive - expected a newline
c:\users\mbrown2\documents\github\rsa-encryption-algorithm\cis -167-01 - rsa encryption algorithim\cis -167-01 - rsa encryption algorithim\cis -167-01 - rsa encryption algorithim.cpp(6): warning C4067: unexpected tokens following preprocessor directive - expected a newline
c:\users\mbrown2\documents\github\rsa-encryption-algorithm\cis -167-01 - rsa encryption algorithim\cis -167-01 - rsa encryption algorithim\cis -167-01 - rsa encryption algorithim.cpp(7): warning C4067: unexpected tokens following preprocessor directive - expected a newline
c:\users\mbrown2\documents\github\rsa-encryption-algorithm\cis -167-01 - rsa encryption algorithim\cis -167-01 - rsa encryption algorithim\cis -167-01 - rsa encryption algorithim.cpp(8): warning C4067: unexpected tokens following preprocessor directive - expected a newline
c:\users\mbrown2\documents\github\rsa-encryption-algorithm\cis -167-01 - rsa encryption algorithim\cis -167-01 - rsa encryption algorithim\cis -167-01 - rsa encryption algorithim.cpp(9): warning C4067: unexpected tokens following preprocessor directive - expected a newline
c:\users\mbrown2\documents\github\rsa-encryption-algorithm\cis -167-01 - rsa encryption algorithim\cis -167-01 - rsa encryption algorithim\cis -167-01 - rsa encryption algorithim.cpp(10): warning C4067: unexpected tokens following preprocessor directive - expected a newline
c:\users\mbrown2\documents\github\rsa-encryption-algorithm\cis -167-01 - rsa encryption algorithim\cis -167-01 - rsa encryption algorithim\cis -167-01 - rsa encryption algorithim.cpp(27): warning C4244: 'argument': conversion from 'time_t' to 'unsigned int', possible loss of data
c:\users\mbrown2\documents\github\rsa-encryption-algorithm\cis -167-01 - rsa encryption algorithim\cis -167-01 - rsa encryption algorithim\cis -167-01 - rsa encryption algorithim.cpp(71): warning C4244: 'initializing': conversion from 'int' to 'float', possible loss of data
c:\users\mbrown2\documents\github\rsa-encryption-algorithm\cis -167-01 - rsa encryption algorithim\cis -167-01 - rsa encryption algorithim\cis -167-01 - rsa encryption algorithim.cpp(80): warning C4018: '<': signed/unsigned mismatch
c:\users\mbrown2\documents\github\rsa-encryption-algorithm\cis -167-01 - rsa encryption algorithim\cis -167-01 - rsa encryption algorithim\cis -167-01 - rsa encryption algorithim.cpp(82): warning C4244: 'initializing': conversion from 'double' to '__int64', possible loss of data
c:\users\mbrown2\documents\github\rsa-encryption-algorithm\cis -167-01 - rsa encryption algorithim\cis -167-01 - rsa encryption algorithim\cis -167-01 - rsa encryption algorithim.cpp(85): warning C4244: 'argument': conversion from '__int64' to 'int', possible loss of data
c:\users\mbrown2\documents\github\rsa-encryption-algorithm\cis -167-01 - rsa encryption algorithim\cis -167-01 - rsa encryption algorithim\cis -167-01 - rsa encryption algorithim.cpp(90): warning C4018: '<': signed/unsigned mismatch
c:\users\mbrown2\documents\github\rsa-encryption-algorithm\cis -167-01 - rsa encryption algorithim\cis -167-01 - rsa encryption algorithim\cis -167-01 - rsa encryption algorithim.cpp(109): warning C4244: 'argument': conversion from 'float' to 'int', possible loss of data
c:\users\mbrown2\documents\github\rsa-encryption-algorithm\cis -167-01 - rsa encryption algorithim\cis -167-01 - rsa encryption algorithim\cis -167-01 - rsa encryption algorithim.cpp(121): warning C4018: '<': signed/unsigned mismatch
c:\users\mbrown2\documents\github\rsa-encryption-algorithm\cis -167-01 - rsa encryption algorithim\cis -167-01 - rsa encryption algorithim\cis -167-01 - rsa encryption algorithim.cpp(123): warning C4244: '=': conversion from 'double' to 'long', possible loss of data
c:\users\mbrown2\documents\github\rsa-encryption-algorithm\cis -167-01 - rsa encryption algorithim\cis -167-01 - rsa encryption algorithim\cis -167-01 - rsa encryption algorithim.cpp(129): warning C4018: '<': signed/unsigned mismatch
c:\users\mbrown2\documents\github\rsa-encryption-algorithm\cis -167-01 - rsa encryption algorithim\cis -167-01 - rsa encryption algorithim\cis -167-01 - rsa encryption algorithim.cpp(159): warning C4018: '<': signed/unsigned mismatch
  CIS -167-01 - RSA Encryption Algorithim.vcxproj -> C:\Users\mbrown2\Documents\GitHub\RSA-Encryption-Algorithm\CIS -167-01 - RSA Encryption Algorithim\Debug\CIS -167-01 - RSA Encryption Algorithim.exe
